[moon-template.webflow.io/index.html]
[backblue.gif]
[fade.gif]
[index.html]
[assets.website-files.com/5e4b19aa01d14d49bd4eabde/css/moon-template.webflow.8bd3ee947.css]
[ajax.googleapis.com/ajax/libs/webfont/1.6.26/webfont.js]
[assets.website-files.com/img/favicon.ico]
[assets.website-files.com/img/webclip.png]
[moon-template.webflow.io/all-posts.html]
[assets.website-files.com/5e4b19aa01d14d49bd4eabde/5e4b19aa01d14d4c4b4eac70_social-18-white.svg]
[assets.website-files.com/5e4b19aa01d14d49bd4eabde/5e4b19aa01d14d4b4c4eac1e_social-15-white.svg]
[assets.website-files.com/5e4b19aa01d14d49bd4eabde/5e4b19aa01d14d4d0a4eac50_social-33-white.svg]
[assets.website-files.com/5e4b19aa01d14d49bd4eabde/5e4b19aa01d14ddb354eac82_social-07-white.svg]
[moon-template.webflow.io/posts/steamed-siphon-froth-mazagran-cafe-au-lait.html]
[d3e54v103j8qbb.cloudfront.net/js/jquery-3.5.1.min.dc5e7f18c82f33.js]
[assets.website-files.com/5e4b19aa01d14d49bd4eabde/js/webflow.a8ec59595.js]
[moon-template.webflow.io/index.html]
[moon-template.webflow.io/all-posts.html]
[assets.website-files.com/5630650d792da40716871a07/56cf68a9e668d307046b496e_photo-1433763472432-7970c9ba5349-bw.jpg]
[moon-template.webflow.io/posts/steamed-siphon-froth-mazagran-cafe-au-lait.html]
[moon-template.webflow.io/about]
[moon-template.webflow.io/contact]
[moon-template.webflow.io/categories/tech]
[moon-template.webflow.io/posts/cafe-au-lait-turkish-doppio-ristretto]
[moon-template.webflow.io/categories/art]
[moon-template.webflow.io/posts/coffee-sugar-chicory-seasonal-espresso-barista-americano]
[moon-template.webflow.io/categories/music]
[moon-template.webflow.io/posts/coffee-variety-macchiato-as-organic-ut-variety-caffeine-americano]
[moon-template.webflow.io/categories/travel.html]
[moon-template.webflow.io/posts/half-and-half-variety-milk-viennese-body-cappuccino]
[assets.website-files.com/5e4b19aa01d14d49bd4eabde/css/moon-template.webflow.8bd3ee947.css]
[assets.website-files.com/5e4b19aa01d14d49bd4eabde/5e4b19aa01d14d6e5e4eac14_social-03-white.svg]
[assets.website-files.com/5e4b19aa01d14d49bd4eabde/5e4b19aa01d14d4c4b4eac70_social-18-white.svg]
[assets.website-files.com/5e4b19aa01d14d49bd4eabde/5e4b19aa01d14d4b4c4eac1e_social-15-white.svg]
[assets.website-files.com/5e4b19aa01d14d49bd4eabde/5e4b19aa01d14d4d0a4eac50_social-33-white.svg]
[assets.website-files.com/5e4b19aa01d14d49bd4eabde/5e4b19aa01d14ddb354eac82_social-07-white.svg]
[assets.website-files.com/5e4b19aa01d14d49bd4eabde/5e4b19aa01d14d15664eac6c_social-09-white.svg]
